[debug] [2019-11-14T14:08:35.803Z] ----------------------------------------------------------------------
[debug] [2019-11-14T14:08:35.806Z] Command:       C:\Program Files\nodejs\node.exe C:\Users\58414\AppData\Roaming\npm\node_modules\firebase-tools\lib\bin\firebase.js deploy
[debug] [2019-11-14T14:08:35.807Z] CLI Version:   7.6.2
[debug] [2019-11-14T14:08:35.807Z] Platform:      win32
[debug] [2019-11-14T14:08:35.807Z] Node Version:  v10.16.3
[debug] [2019-11-14T14:08:35.808Z] Time:          Thu Nov 14 2019 10:08:35 GMT-0400 (GMT-04:00)
[debug] [2019-11-14T14:08:35.808Z] ----------------------------------------------------------------------
[debug] [2019-11-14T14:08:35.808Z] 
[debug] [2019-11-14T14:08:35.822Z] > command requires scopes: ["email","openid","https://www.googleapis.com/auth/cloudplatformprojects.readonly","https://www.googleapis.com/auth/firebase","https://www.googleapis.com/auth/cloud-platform"]
[debug] [2019-11-14T14:08:35.823Z] > authorizing via signed-in user
[debug] [2019-11-14T14:08:35.823Z] [iam] checking project proyecto-guacamaya-tours for permissions ["firebase.projects.get","firebasehosting.sites.update"]
[debug] [2019-11-14T14:08:35.826Z] >>> HTTP REQUEST POST https://cloudresourcemanager.googleapis.com/v1/projects/proyecto-guacamaya-tours:testIamPermissions  

[debug] [2019-11-14T14:08:51.206Z] Error: Client network socket disconnected before secure TLS connection was established
    at TLSSocket.onConnectEnd (_tls_wrap.js:1095:19)
    at Object.onceWrapper (events.js:286:20)
    at TLSSocket.emit (events.js:203:15)
    at TLSSocket.EventEmitter.emit (domain.js:448:20)
    at endReadableNT (_stream_readable.js:1145:12)
    at process._tickCallback (internal/process/next_tick.js:63:19)
[error] 
[error] Error: Server Error. Client network socket disconnected before secure TLS connection was established
[debug] [2019-11-14T14:10:31.314Z] ----------------------------------------------------------------------
[debug] [2019-11-14T14:10:31.317Z] Command:       C:\Program Files\nodejs\node.exe C:\Users\58414\AppData\Roaming\npm\node_modules\firebase-tools\lib\bin\firebase.js init
[debug] [2019-11-14T14:10:31.317Z] CLI Version:   7.6.2
[debug] [2019-11-14T14:10:31.317Z] Platform:      win32
[debug] [2019-11-14T14:10:31.317Z] Node Version:  v10.16.3
[debug] [2019-11-14T14:10:31.319Z] Time:          Thu Nov 14 2019 10:10:31 GMT-0400 (GMT-04:00)
[debug] [2019-11-14T14:10:31.319Z] ----------------------------------------------------------------------
[debug] [2019-11-14T14:10:31.319Z] 
[debug] [2019-11-14T14:10:31.331Z] > command requires scopes: ["email","openid","https://www.googleapis.com/auth/cloudplatformprojects.readonly","https://www.googleapis.com/auth/firebase","https://www.googleapis.com/auth/cloud-platform"]
[debug] [2019-11-14T14:10:31.332Z] > authorizing via signed-in user
[info] 
     ######## #### ########  ######## ########     ###     ######  ########
     ##        ##  ##     ## ##       ##     ##  ##   ##  ##       ##
     ######    ##  ########  ######   ########  #########  ######  ######
     ##        ##  ##    ##  ##       ##     ## ##     ##       ## ##
     ##       #### ##     ## ######## ########  ##     ##  ######  ########

You're about to initialize a Firebase project in this directory:

  C:\Users\58414\Documents\Guacamaya Tours\Proyecto_GuacamayaTours\GuacamayaTours

Before we get started, keep in mind:

  * You are initializing in an existing Firebase project directory

[debug] [2019-11-14T14:10:46.703Z] Error: kill ENOSYS
    at process.kill (internal/process/per_thread.js:198:13)
    at process.listener (C:\Users\58414\AppData\Roaming\npm\node_modules\firebase-tools\node_modules\signal-exit\index.js:95:15)
    at process.emit (events.js:198:13)
[error] 
[error] Error: An unexpected error has occurred.
